<?xml version="1.0" encoding="UTF-8"?>
<!-- Generated by org.testng.reporters.JUnitReportReporter -->
<testsuite hostname="DESKTOP-MHRK6LP" failures="0" tests="4" name="api.tests.Usertest" time="10.619" errors="0" timestamp="2022-10-10T20:15:01 IST" skipped="0">
  <testcase classname="api.tests.Usertest" name="TestPostUser" time="5.282"/>
  <system-out/>
  <testcase classname="api.tests.Usertest" name="TestGetUser" time="1.421"/>
  <system-out/>
  <testcase classname="api.tests.Usertest" name="TestPutUser" time="2.639"/>
  <system-out/>
  <testcase classname="api.tests.Usertest" name="TestDeleteUser" time="1.277"/>
  <system-out/>
</testsuite> <!-- api.tests.Usertest -->
