<?xml version="1.0" encoding="UTF-8"?>
<!-- Generated by org.testng.reporters.JUnitReportReporter -->
<testsuite hostname="DESKTOP-MHRK6LP" failures="0" tests="6" name="api.tests.DataDrivenTest" time="14.741" errors="0" timestamp="2022-10-10T19:16:38 IST" skipped="0">
  <testcase classname="api.tests.DataDrivenTest" name="TestPostuser" time="1.330"/>
  <system-out/>
  <testcase classname="api.tests.DataDrivenTest" name="TestPostuser" time="1.421"/>
  <system-out/>
  <testcase classname="api.tests.DataDrivenTest" name="TestPostuser" time="7.880"/>
  <system-out/>
  <testcase classname="api.tests.DataDrivenTest" name="deleteuser" time="1.317"/>
  <system-out/>
  <testcase classname="api.tests.DataDrivenTest" name="deleteuser" time="1.385"/>
  <system-out/>
  <testcase classname="api.tests.DataDrivenTest" name="deleteuser" time="1.408"/>
  <system-out/>
</testsuite> <!-- api.tests.DataDrivenTest -->
