<?xml version="1.0" encoding="UTF-8"?>
<!-- Generated by org.testng.reporters.JUnitReportReporter -->
<testsuite hostname="DESKTOP-MHRK6LP" failures="0" tests="4" name="api.tests.Usertest2" time="12.441" errors="0" timestamp="2022-10-10T20:18:10 IST" skipped="0">
  <testcase classname="api.tests.Usertest2" name="TestPostUser" time="5.778"/>
  <system-out/>
  <testcase classname="api.tests.Usertest2" name="TestGetUser" time="1.778"/>
  <system-out/>
  <testcase classname="api.tests.Usertest2" name="TestPutUser" time="3.543"/>
  <system-out/>
  <testcase classname="api.tests.Usertest2" name="TestDeleteUser" time="1.342"/>
  <system-out/>
</testsuite> <!-- api.tests.Usertest2 -->
