<?xml version="1.0" encoding="UTF-8"?>
<!-- Generated by org.testng.reporters.JUnitReportReporter -->
<testsuite hostname="DESKTOP-MHRK6LP" failures="0" tests="4" name="api.tests.Usertest_Propfile" time="10.107" errors="0" timestamp="2022-10-10T21:46:56 IST" skipped="0">
  <testcase classname="api.tests.Usertest_Propfile" name="TestPostUser" time="3.081"/>
  <system-out/>
  <testcase classname="api.tests.Usertest_Propfile" name="TestGetUser" time="1.444"/>
  <system-out/>
  <testcase classname="api.tests.Usertest_Propfile" name="TestPutUser" time="3.036"/>
  <system-out/>
  <testcase classname="api.tests.Usertest_Propfile" name="TestDeleteUser" time="2.546"/>
  <system-out/>
</testsuite> <!-- api.tests.Usertest_Propfile -->
