<?xml version="1.0" encoding="UTF-8"?>
<!-- Generated by org.testng.reporters.JUnitReportReporter -->
<testsuite hostname="DESKTOP-MHRK6LP" failures="0" tests="6" name="api.tests.DataDrivenTest" time="24.035" errors="0" timestamp="2022-10-10T21:29:26 IST" skipped="0">
  <testcase classname="api.tests.DataDrivenTest" name="TestPostuser" time="1.757"/>
  <system-out/>
  <testcase classname="api.tests.DataDrivenTest" name="TestPostuser" time="13.129"/>
  <system-out/>
  <testcase classname="api.tests.DataDrivenTest" name="TestPostuser" time="1.442"/>
  <system-out/>
  <testcase classname="api.tests.DataDrivenTest" name="deleteuser" time="1.861"/>
  <system-out/>
  <testcase classname="api.tests.DataDrivenTest" name="deleteuser" time="4.192"/>
  <system-out/>
  <testcase classname="api.tests.DataDrivenTest" name="deleteuser" time="1.654"/>
  <system-out/>
</testsuite> <!-- api.tests.DataDrivenTest -->
