<?xml version="1.0" encoding="UTF-8"?>
<!-- Generated by org.testng.reporters.JUnitReportReporter -->
<testsuite hostname="DESKTOP-MHRK6LP" failures="0" tests="4" name="api.tests.Usertest" time="22.821" errors="0" timestamp="2022-10-10T21:46:56 IST" skipped="0">
  <testcase classname="api.tests.Usertest" name="TestPostUser" time="15.729"/>
  <system-out/>
  <testcase classname="api.tests.Usertest" name="TestGetUser" time="1.849"/>
  <system-out/>
  <testcase classname="api.tests.Usertest" name="TestPutUser" time="3.764"/>
  <system-out/>
  <testcase classname="api.tests.Usertest" name="TestDeleteUser" time="1.479"/>
  <system-out/>
</testsuite> <!-- api.tests.Usertest -->
